• turbo 2.8.3
• Packages in scope: @astro-gs/schema, @goldshore/admin, @goldshore/agent, @goldshore/ai-providers, @goldshore/auth, @goldshore/config, @goldshore/control, @goldshore/gateway, @goldshore/integrations, @goldshore/theme, @goldshore/ui, @goldshore/utils, @goldshore/web, gs-api, gs-mail, jules-bot
• Running build in 16 packages
• Remote caching disabled
@astro-gs/schema:build: cache miss, executing 82667cc20458e1c3
gs-mail:build: cache hit, replaying logs b2378e35dfd6402c
gs-mail:build:
gs-mail:build: > gs-mail@0.0.0 build /app/apps/mail-worker
gs-mail:build: > wrangler deploy --dry-run --outdir=dist
gs-mail:build:
gs-mail:build:
gs-mail:build:  ⛅️ wrangler 3.114.17 (update available 4.63.0)
gs-mail:build: -----------------------------------------------
gs-mail:build:
gs-mail:build: [33m▲ [43;33m[[43;30mWARNING[43;33m][0m [1mThe version of Wrangler you are using is now out-of-date.[0m
gs-mail:build:
gs-mail:build:   Please update to the latest version to prevent critical errors.
gs-mail:build:   Run `npm install --save-dev wrangler@4` to update to the latest version.
gs-mail:build:   After installation, run Wrangler with `npx wrangler`.
gs-mail:build:
gs-mail:build:
gs-mail:build: Total Upload: 60.60 KiB / gzip: 14.79 KiB
gs-mail:build: No bindings found.
gs-mail:build: --dry-run: exiting now.
@goldshore/gateway:build: cache hit, replaying logs 5a359d80cd8994a9
@goldshore/gateway:build:
@goldshore/gateway:build: > @goldshore/gateway@0.1.0 build /app/apps/gateway
@goldshore/gateway:build: > wrangler deploy --dry-run --outdir=dist
@goldshore/gateway:build:
@goldshore/gateway:build:
@goldshore/gateway:build:  ⛅️ wrangler 4.63.0
@goldshore/gateway:build: ───────────────────
@goldshore/gateway:build:
@goldshore/gateway:build: Cloudflare collects anonymous telemetry about your usage of Wrangler. Learn more at https://github.com/cloudflare/workers-sdk/tree/main/packages/wrangler/telemetry.md
@goldshore/gateway:build: Total Upload: 148.69 KiB / gzip: 34.90 KiB
@goldshore/gateway:build: Your Worker has access to the following bindings:
@goldshore/gateway:build: Binding                                          Resource
@goldshore/gateway:build: env.gs-kv (gs_api_kv_prod_001)                   KV Namespace
@goldshore/gateway:build: env.GATEWAY_KV (goldshore-gw-kv)                 KV Namespace
@goldshore/gateway:build: env.JOB_QUEUE (gs-jobs)                          Queue
@goldshore/gateway:build: env.API (gs-api)                                 Worker
@goldshore/gateway:build: env.AI                                           AI
@goldshore/gateway:build: env.ENV ("production")                           Environment Variable
@goldshore/gateway:build: env.API_ORIGIN ("https://api.goldshore.ai")      Environment Variable
@goldshore/gateway:build:
@goldshore/gateway:build: --dry-run: exiting now.
@goldshore/admin:build: cache miss, executing bedac59ec267b1c0
@goldshore/web:build: cache miss, executing 0738cd1da8619431
@goldshore/agent:build: cache hit, replaying logs 73e28b932b64baaf
@goldshore/agent:build:
@goldshore/agent:build: > @goldshore/agent@0.0.1 build /app/apps/gs-agent
@goldshore/agent:build: > wrangler deploy src/index.ts --dry-run --outdir=dist --config ../../infra/cloudflare/gs-agent.wrangler.toml
@goldshore/agent:build:
@goldshore/agent:build:
@goldshore/agent:build: Cloudflare collects anonymous telemetry about your usage of Wrangler. Learn more at https://github.com/cloudflare/workers-sdk/tree/main/packages/wrangler/telemetry.md
@goldshore/agent:build:
@goldshore/agent:build:  ⛅️ wrangler 3.114.17 (update available 4.63.0)
@goldshore/agent:build: -----------------------------------------------
@goldshore/agent:build:
@goldshore/agent:build: [33m▲ [43;33m[[43;30mWARNING[43;33m][0m [1mThe version of Wrangler you are using is now out-of-date.[0m
@goldshore/agent:build:
@goldshore/agent:build:   Please update to the latest version to prevent critical errors.
@goldshore/agent:build:   Run `npm install --save-dev wrangler@4` to update to the latest version.
@goldshore/agent:build:   After installation, run Wrangler with `npx wrangler`.
@goldshore/agent:build:
@goldshore/agent:build:
@goldshore/agent:build: Total Upload: 121.04 KiB / gzip: 28.44 KiB
@goldshore/agent:build: No bindings found.
@goldshore/agent:build: --dry-run: exiting now.
gs-api:build: cache miss, executing e5d1d44c26c5a65b
@goldshore/admin:build:
@goldshore/admin:build: > @goldshore/admin@0.1.0 build /app/apps/admin
@goldshore/admin:build: > astro build
@goldshore/admin:build:
@astro-gs/schema:build:
@astro-gs/schema:build: > @astro-gs/schema@0.0.1 build /app/packages/schema
@astro-gs/schema:build: > echo 'schema build'
@astro-gs/schema:build:
@astro-gs/schema:build: schema build
@goldshore/web:build:
@goldshore/web:build: > @goldshore/web@0.1.0 build /app/apps/web
@goldshore/web:build: > astro build
@goldshore/web:build:
gs-api:build:
gs-api:build: > gs-api@0.1.0 build /app/apps/api-worker
gs-api:build: > wrangler deploy --dry-run --outdir=dist
gs-api:build:
@goldshore/web:build: ▶ Astro collects anonymous usage data.
@goldshore/web:build:   This information helps us improve Astro.
@goldshore/web:build:   Run "astro telemetry disable" to opt-out.
@goldshore/web:build:   https://astro.build/telemetry
@goldshore/web:build:
@goldshore/admin:build: ▶ Astro collects anonymous usage data.
@goldshore/admin:build:   This information helps us improve Astro.
@goldshore/admin:build:   Run "astro telemetry disable" to opt-out.
@goldshore/admin:build:   https://astro.build/telemetry
@goldshore/admin:build:
gs-api:build:
gs-api:build:  ⛅️ wrangler 3.114.17 (update available 4.63.0)
gs-api:build: -----------------------------------------------
gs-api:build:
gs-api:build: [33m▲ [43;33m[[43;30mWARNING[43;33m][0m [1mThe version of Wrangler you are using is now out-of-date.[0m
gs-api:build:
gs-api:build:   Please update to the latest version to prevent critical errors.
gs-api:build:   Run `npm install --save-dev wrangler@4` to update to the latest version.
gs-api:build:   After installation, run Wrangler with `npx wrangler`.
gs-api:build:
gs-api:build:
gs-api:build: Total Upload: 151.34 KiB / gzip: 35.58 KiB
gs-api:build: Your worker has access to the following bindings:
gs-api:build: - KV Namespaces:
gs-api:build:   - KV: gs_api_kv_001
gs-api:build: - D1 Databases:
gs-api:build:   - DB: goldshore (gs_db_001)
gs-api:build: - R2 Buckets:
gs-api:build:   - ASSETS: gs-assets
gs-api:build: - AI:
gs-api:build:   - Name: AI
gs-api:build: - Vars:
gs-api:build:   - ENV: "production"
gs-api:build: --dry-run: exiting now.
@goldshore/web:build: 04:40:25 [@astrojs/cloudflare] Enabling sessions with Cloudflare KV with the "SESSION" KV binding.
@goldshore/web:build: 04:40:25 [@astrojs/cloudflare] If you see the error "Invalid binding `SESSION`" in your build output, you need to add the binding to your wrangler config file.
@goldshore/admin:build: 04:40:25 [@astrojs/cloudflare] Enabling sessions with Cloudflare KV with the "SESSION" KV binding.
@goldshore/admin:build: 04:40:25 [@astrojs/cloudflare] If you see the error "Invalid binding `SESSION`" in your build output, you need to add the binding to your wrangler config file.
@goldshore/web:build: 04:40:25 [WARN] [adapter] Cloudflare does not support sharp at runtime. However, you can configure `imageService: "compile"` to optimize images with sharp on prerendered pages during build time.
@goldshore/admin:build: 04:40:25 [WARN] [adapter] Cloudflare does not support sharp at runtime. However, you can configure `imageService: "compile"` to optimize images with sharp on prerendered pages during build time.
@goldshore/admin:build: 04:40:25 [content] Syncing content
@goldshore/admin:build: 04:40:25 [content] Synced content
@goldshore/admin:build: 04:40:25 [types] Generated 469ms
@goldshore/admin:build: 04:40:25 [build] output: "server"
@goldshore/admin:build: 04:40:25 [build] mode: "server"
@goldshore/admin:build: 04:40:25 [build] directory: /app/apps/admin/dist/
@goldshore/admin:build: 04:40:25 [build] adapter: @astrojs/cloudflare
@goldshore/admin:build: 04:40:25 [build] Collecting build info...
@goldshore/admin:build: 04:40:25 [build] ✓ Completed in 606ms.
@goldshore/admin:build: 04:40:25 [build] Building server entrypoints...
@goldshore/web:build: 04:40:26 [content] Syncing content
@goldshore/web:build: 04:40:26 [content] Synced content
@goldshore/web:build: 04:40:26 [types] Generated 1.66s
@goldshore/web:build: 04:40:26 [build] output: "static"
@goldshore/web:build: 04:40:26 [build] mode: "server"
@goldshore/web:build: 04:40:26 [build] directory: /app/apps/web/dist/
@goldshore/web:build: 04:40:26 [build] adapter: @astrojs/cloudflare
@goldshore/web:build: 04:40:26 [build] Collecting build info...
@goldshore/web:build: 04:40:26 [build] ✓ Completed in 1.80s.
@goldshore/web:build: 04:40:26 [build] Building server entrypoints...
@goldshore/admin:build: 04:40:30 [vite] ✓ built in 4.46s
@goldshore/admin:build: 04:40:30 [build] ✓ Completed in 4.52s.
@goldshore/admin:build:
@goldshore/admin:build:  building client (vite)
@goldshore/admin:build: 04:40:30 [vite] transforming...
@goldshore/admin:build: 04:40:30 [vite] ✓ 9 modules transformed.
@goldshore/admin:build: 04:40:30 [vite] rendering chunks...
@goldshore/admin:build: 04:40:30 [vite] computing gzip size...
@goldshore/admin:build: 04:40:30 [vite] dist/_astro/system.astro_astro_type_script_index_0_lang.BlBAkvIu.js  5.29 kB │ gzip: 1.95 kB
@goldshore/admin:build: 04:40:30 [vite] ✓ built in 142ms
@goldshore/admin:build:
@goldshore/admin:build:  prerendering static routes
@goldshore/admin:build: 04:40:30 ✓ Completed in 16ms.
@goldshore/admin:build:
@goldshore/admin:build: 04:40:30 [build] Rearranging server assets...
@goldshore/admin:build: 04:40:30 [build] Server built in 5.35s
@goldshore/admin:build: 04:40:30 [build] Complete!
@goldshore/web:build: 04:40:32 [vite] ✓ built in 4.98s
@goldshore/web:build: 04:40:32 [build] ✓ Completed in 5.11s.
@goldshore/web:build:
@goldshore/web:build:  building client (vite)
@goldshore/web:build: 04:40:32 [vite] transforming...
@goldshore/web:build: 04:40:32 [vite] ✓ 11 modules transformed.
@goldshore/web:build: 04:40:32 [vite] rendering chunks...
@goldshore/web:build: 04:40:32 [vite] computing gzip size...
@goldshore/web:build: 04:40:32 [vite] dist/_astro/page.D1uwR3nK.js  2.24 kB │ gzip: 1.01 kB
@goldshore/web:build: 04:40:32 [vite] ✓ built in 479ms
@goldshore/web:build:
@goldshore/web:build:  prerendering static routes
@goldshore/web:build: 04:40:32 ▶ src/pages/about.astro
@goldshore/web:build: 04:40:32   └─ /about/index.html (+29ms)
@goldshore/web:build: 04:40:32 λ src/pages/api/contact.ts
@goldshore/web:build: 04:40:32   └─ /api/contact (+3ms)
@goldshore/web:build: 04:40:32 λ src/pages/api/docs-search.ts
@goldshore/web:build: 04:40:32   └─ /api/docs-search (+3ms)
@goldshore/web:build: 04:40:32 ▶ src/pages/app/dashboard.astro
@goldshore/web:build: 04:40:32   └─ /app/dashboard/index.html (+6ms)
@goldshore/web:build: 04:40:32 ▶ src/pages/app/logs.astro
@goldshore/web:build: 04:40:32   └─ /app/logs/index.html (+4ms)
@goldshore/web:build: 04:40:32 ▶ src/pages/app/profile.astro
@goldshore/web:build: 04:40:32   └─ /app/profile/index.html (+4ms)
@goldshore/web:build: 04:40:32 ▶ src/pages/app/settings.astro
@goldshore/web:build: 04:40:32   └─ /app/settings/index.html (+3ms)
@goldshore/web:build: 04:40:32 ▶ src/pages/apps/risk-radar.astro
@goldshore/web:build: 04:40:32   └─ /apps/risk-radar/index.html (+4ms)
@goldshore/web:build: 04:40:32 ▶ src/pages/contact.astro
@goldshore/web:build: 04:40:32   └─ /contact/index.html (+6ms)
@goldshore/web:build: 04:40:32 ▶ src/pages/developer/api/[...slug].astro
@goldshore/web:build: 04:40:32   ├─ /developer/api/status/index.html (+7ms)
@goldshore/web:build: 04:40:32   └─ /developer/api/index.html (+4ms)
@goldshore/web:build: 04:40:32 ▶ src/pages/developer/docs/index.astro
@goldshore/web:build: 04:40:32   └─ /developer/docs/index.html (+9ms)
@goldshore/web:build: 04:40:32 ▶ src/pages/developer/docs/[...slug].astro
@goldshore/web:build: 04:40:32   ├─ /developer/docs/intro/index.html (+8ms)
@goldshore/web:build: 04:40:32   └─ /developer/docs/getting-started/index.html (+4ms)
@goldshore/web:build: 04:40:32 ▶ src/pages/developer/sdk.astro
@goldshore/web:build: 04:40:32   └─ /developer/sdk/index.html (+3ms)
@goldshore/web:build: 04:40:32 ▶ src/pages/developer/index.astro
@goldshore/web:build: 04:40:32   └─ /developer/index.html (+4ms)
@goldshore/web:build: 04:40:32 ▶ src/pages/index.legacy-20251128.astro
@goldshore/web:build: 04:40:32   └─ /index.legacy-20251128/index.html (+3ms)
@goldshore/web:build: 04:40:32 ▶ src/pages/intake.astro
@goldshore/web:build: 04:40:32   └─ /intake/index.html (+3ms)
@goldshore/web:build: 04:40:32 ▶ src/pages/legal/privacy.astro
@goldshore/web:build: 04:40:32   └─ /legal/privacy/index.html (+12ms)
@goldshore/web:build: 04:40:32 ▶ src/pages/legal/terms.astro
@goldshore/web:build: 04:40:32   └─ /legal/terms/index.html (+3ms)
@goldshore/web:build: 04:40:32 ▶ src/pages/legal.astro
@goldshore/web:build: 04:40:32   └─ /legal/index.html (+3ms)
@goldshore/web:build: 04:40:32 ▶ src/pages/pricing.astro
@goldshore/web:build: 04:40:32   └─ /pricing/index.html (+3ms)
@goldshore/web:build: 04:40:32 ▶ src/pages/services.astro
@goldshore/web:build: 04:40:32   └─ /services/index.html (+5ms)
@goldshore/web:build: 04:40:32 ▶ src/pages/status.astro
@goldshore/web:build: 04:40:32   └─ /status/index.html (+2ms)
@goldshore/web:build: 04:40:32 ▶ src/pages/team.astro
@goldshore/web:build: 04:40:32   └─ /team/index.html (+3ms)
@goldshore/web:build: 04:40:32 ▶ src/pages/templates/index.astro
@goldshore/web:build: 04:40:32   └─ /templates/index.html (+7ms)
@goldshore/web:build: 04:40:32 ▶ src/pages/thank-you.astro
@goldshore/web:build: 04:40:32   └─ /thank-you/index.html (+3ms)
@goldshore/web:build: 04:40:32 ▶ src/pages/index.astro
@goldshore/web:build: 04:40:32   └─ /index.html (+3ms)
@goldshore/web:build: 04:40:32 ✓ Completed in 227ms.
@goldshore/web:build:
@goldshore/web:build: 04:40:32 [build] Rearranging server assets...
@goldshore/web:build: 04:40:32 [build] Server built in 7.67s
@goldshore/web:build: 04:40:32 [build] Complete!

 Tasks:    7 successful, 7 total
Cached:    3 cached, 7 total
  Time:    1h4m59.05s

 WARNING  no output files found for task @astro-gs/schema#build. Please check your `outputs` key in `turbo.json`
