
 ⛅️ wrangler 3.114.17 (update available 4.63.0)
-----------------------------------------------

[33m▲ [43;33m[[43;30mWARNING[43;33m][0m [1mThe version of Wrangler you are using is now out-of-date.[0m

  Please update to the latest version to prevent critical errors.
  Run `npm install --save-dev wrangler@4` to update to the latest version.
  After installation, run Wrangler with `npx wrangler`.


[33m▲ [43;33m[[43;30mWARNING[43;33m][0m [1mNo compatibility_date was specified. Using today's date: 2026-02-08.[0m

  ❯❯ Add one to your Wrangler configuration file: compatibility_date = "2026-02-08", or
  ❯❯ Pass it in your terminal: wrangler pages dev [<DIRECTORY>] --compatibility-date=2026-02-08

  See [4mhttps://developers.cloudflare.com/workers/platform/compatibility-dates/[0m for more information.


Attaching additional modules:
┌────────────────────────────────────────────────┬──────┬────────────┐
│ Name                                           │ Type │ Size       │
├────────────────────────────────────────────────┼──────┼────────────┤
│ _@astrojs-ssr-adapter.mjs                      │ esm  │ 0.14 KiB   │
├────────────────────────────────────────────────┼──────┼────────────┤
│ _astro-internal_middleware.mjs                 │ esm  │ 0.88 KiB   │
├────────────────────────────────────────────────┼──────┼────────────┤
│ chunks/BaseLayout_CQFIRL-J.mjs                 │ esm  │ 0.80 KiB   │
├────────────────────────────────────────────────┼──────┼────────────┤
│ chunks/WebLayout_CmXPIeYg.mjs                  │ esm  │ 11.56 KiB  │
├────────────────────────────────────────────────┼──────┼────────────┤
│ chunks/_@astrojs-ssr-adapter_D5paPF_k.mjs      │ esm  │ 39.28 KiB  │
├────────────────────────────────────────────────┼──────┼────────────┤
│ chunks/_astro_assets_D7CNy85r.mjs              │ esm  │ 65.98 KiB  │
├────────────────────────────────────────────────┼──────┼────────────┤
│ chunks/_astro_data-layer-content_JEIZxkMP.mjs  │ esm  │ 0.06 KiB   │
├────────────────────────────────────────────────┼──────┼────────────┤
│ chunks/astro/server_DcFTppMT.mjs               │ esm  │ 248.78 KiB │
├────────────────────────────────────────────────┼──────┼────────────┤
│ chunks/astro-designed-error-pages_DRTWKeVp.mjs │ esm  │ 32.58 KiB  │
├────────────────────────────────────────────────┼──────┼────────────┤
│ chunks/cloudflare-kv-binding_DMly_2Gl.mjs      │ esm  │ 2.94 KiB   │
├────────────────────────────────────────────────┼──────┼────────────┤
│ chunks/consts_DBS1dnOp.mjs                     │ esm  │ 0.55 KiB   │
├────────────────────────────────────────────────┼──────┼────────────┤
│ chunks/content-assets_XqCgPAV2.mjs             │ esm  │ 0.06 KiB   │
├────────────────────────────────────────────────┼──────┼────────────┤
│ chunks/content-modules_Bvq7llv8.mjs            │ esm  │ 0.06 KiB   │
├────────────────────────────────────────────────┼──────┼────────────┤
│ chunks/index_CNvXQ0jv.mjs                      │ esm  │ 117.95 KiB │
├────────────────────────────────────────────────┼──────┼────────────┤
│ chunks/noop-middleware_I7MrbNxy.mjs            │ esm  │ 0.33 KiB   │
├────────────────────────────────────────────────┼──────┼────────────┤
│ chunks/parse_DGrrK2jG.mjs                      │ esm  │ 8.70 KiB   │
├────────────────────────────────────────────────┼──────┼────────────┤
│ chunks/path_mW90u446.mjs                       │ esm  │ 3.17 KiB   │
├────────────────────────────────────────────────┼──────┼────────────┤
│ chunks/remote_CrdlObHx.mjs                     │ esm  │ 2.21 KiB   │
├────────────────────────────────────────────────┼──────┼────────────┤
│ chunks/sharp_DmtT--Ox.mjs                      │ esm  │ 3.09 KiB   │
├────────────────────────────────────────────────┼──────┼────────────┤
│ manifest_Cwp-qOuW.mjs                          │ esm  │ 35.92 KiB  │
├────────────────────────────────────────────────┼──────┼────────────┤
│ noop-entrypoint.mjs                            │ esm  │ 0.09 KiB   │
├────────────────────────────────────────────────┼──────┼────────────┤
│ pages/_---path_.astro.mjs                      │ esm  │ 1.96 KiB   │
├────────────────────────────────────────────────┼──────┼────────────┤
│ pages/_image.astro.mjs                         │ esm  │ 1.13 KiB   │
├────────────────────────────────────────────────┼──────┼────────────┤
│ pages/about.astro.mjs                          │ esm  │ 0.06 KiB   │
├────────────────────────────────────────────────┼──────┼────────────┤
│ pages/api/contact.astro.mjs                    │ esm  │ 0.06 KiB   │
├────────────────────────────────────────────────┼──────┼────────────┤
│ pages/api/docs-search.astro.mjs                │ esm  │ 0.06 KiB   │
├────────────────────────────────────────────────┼──────┼────────────┤
│ pages/app/dashboard.astro.mjs                  │ esm  │ 0.06 KiB   │
├────────────────────────────────────────────────┼──────┼────────────┤
│ pages/app/logs.astro.mjs                       │ esm  │ 0.06 KiB   │
├────────────────────────────────────────────────┼──────┼────────────┤
│ pages/app/profile.astro.mjs                    │ esm  │ 0.06 KiB   │
├────────────────────────────────────────────────┼──────┼────────────┤
│ pages/app/settings.astro.mjs                   │ esm  │ 0.06 KiB   │
├────────────────────────────────────────────────┼──────┼────────────┤
│ pages/apps/risk-radar.astro.mjs                │ esm  │ 0.06 KiB   │
├────────────────────────────────────────────────┼──────┼────────────┤
│ pages/contact.astro.mjs                        │ esm  │ 0.06 KiB   │
├────────────────────────────────────────────────┼──────┼────────────┤
│ pages/developer/api/_---slug_.astro.mjs        │ esm  │ 0.06 KiB   │
├────────────────────────────────────────────────┼──────┼────────────┤
│ pages/developer/docs/_---slug_.astro.mjs       │ esm  │ 0.06 KiB   │
├────────────────────────────────────────────────┼──────┼────────────┤
│ pages/developer/docs.astro.mjs                 │ esm  │ 0.06 KiB   │
├────────────────────────────────────────────────┼──────┼────────────┤
│ pages/developer/sdk.astro.mjs                  │ esm  │ 0.06 KiB   │
├────────────────────────────────────────────────┼──────┼────────────┤
│ pages/developer.astro.mjs                      │ esm  │ 0.06 KiB   │
├────────────────────────────────────────────────┼──────┼────────────┤
│ pages/index.astro.mjs                          │ esm  │ 0.06 KiB   │
├────────────────────────────────────────────────┼──────┼────────────┤
│ pages/index.legacy-20251128.astro.mjs          │ esm  │ 0.06 KiB   │
├────────────────────────────────────────────────┼──────┼────────────┤
│ pages/intake.astro.mjs                         │ esm  │ 0.06 KiB   │
├────────────────────────────────────────────────┼──────┼────────────┤
│ pages/legal/privacy.astro.mjs                  │ esm  │ 0.06 KiB   │
├────────────────────────────────────────────────┼──────┼────────────┤
│ pages/legal/terms.astro.mjs                    │ esm  │ 0.06 KiB   │
├────────────────────────────────────────────────┼──────┼────────────┤
│ pages/legal.astro.mjs                          │ esm  │ 0.06 KiB   │
├────────────────────────────────────────────────┼──────┼────────────┤
│ pages/pricing.astro.mjs                        │ esm  │ 0.06 KiB   │
├────────────────────────────────────────────────┼──────┼────────────┤
│ pages/services.astro.mjs                       │ esm  │ 0.06 KiB   │
├────────────────────────────────────────────────┼──────┼────────────┤
│ pages/status.astro.mjs                         │ esm  │ 0.06 KiB   │
├────────────────────────────────────────────────┼──────┼────────────┤
│ pages/team.astro.mjs                           │ esm  │ 0.06 KiB   │
├────────────────────────────────────────────────┼──────┼────────────┤
│ pages/templates.astro.mjs                      │ esm  │ 0.06 KiB   │
├────────────────────────────────────────────────┼──────┼────────────┤
│ pages/thank-you.astro.mjs                      │ esm  │ 0.06 KiB   │
├────────────────────────────────────────────────┼──────┼────────────┤
│ renderers.mjs                                  │ esm  │ 0.10 KiB   │
├────────────────────────────────────────────────┼──────┼────────────┤
│ Total (50 modules)                             │      │ 579.93 KiB │
└────────────────────────────────────────────────┴──────┴────────────┘
✨ Compiled Worker successfully
✨ Parsed 1 valid header rule.
No bindings found.
[wrangler:inf] Ready on http://localhost:4321
⎔ Starting local server...
[wrangler-UserWorker:wrn] The latest compatibility date supported by the installed Cloudflare Workers Runtime is "2025-07-18",
but you've requested "2026-02-08". Falling back to "2025-07-18"...
Features enabled by your requested compatibility date may not be available.
Upgrade to `wrangler@4.63.0` to remove this warning.
[wrangler:inf] GET / 200 OK (34ms)
[wrangler:inf] GET /_astro/index.BJkhqkcG.css 200 OK (22ms)
[wrangler:inf] GET /_astro/_path_.Ds6Q8Xf2.css 200 OK (43ms)
[wrangler:inf] GET /_astro/page.D1uwR3nK.js 200 OK (50ms)
[wrangler:inf] GET /logo.svg 200 OK (53ms)
[wrangler:inf] GET /apps/risk-radar 200 OK (15ms)
[wrangler:inf] GET /_astro/risk-radar.CNV8wjNv.css 200 OK (8ms)
[wrangler:inf] GET /_astro/_path_.Ds6Q8Xf2.css 200 OK (16ms)
[wrangler:inf] GET /_astro/page.D1uwR3nK.js 200 OK (25ms)
[wrangler:inf] GET /logo.svg 200 OK (30ms)
